<?xml version="1.0" encoding="UTF-8"?>
<testng-results ignored="0" total="2" passed="2" failed="0" skipped="0">
  <reporter-output>
  </reporter-output>
  <suite started-at="2024-07-30T06:36:01Z" name="Surefire suite" finished-at="2024-07-30T06:37:35Z" duration-ms="94757">
    <groups>
    </groups>
    <test started-at="2024-07-30T06:36:01Z" name="Surefire test" finished-at="2024-07-30T06:37:35Z" duration-ms="94757">
      <class name="com.example.Ops_test">
        <test-method is-config="true" signature="beforTest()[pri:0, instance:com.example.Ops_test@8e0379d]" started-at="2024-07-30T12:06:01Z" name="beforTest" finished-at="2024-07-30T12:06:01Z" duration-ms="232" status="PASS">
          <reporter-output>
          </reporter-output>
        </test-method> <!-- beforTest -->
        <test-method signature="policyIssuance(java.lang.String, java.lang.String, java.lang.String, java.lang.String, java.lang.String, java.lang.String, java.lang.String, java.lang.String)[pri:0, instance:com.example.Ops_test@8e0379d]" started-at="2024-07-30T12:06:02Z" name="policyIssuance" data-provider="Excel_Data" finished-at="2024-07-30T12:06:50Z" duration-ms="47240" status="PASS">
          <params>
            <param index="0">
              <value>
                <![CDATA[Private Car]]>
              </value>
            </param>
            <param index="1">
              <value>
                <![CDATA[Comprehensive]]>
              </value>
            </param>
            <param index="2">
              <value>
                <![CDATA[DHFL INSURANCE]]>
              </value>
            </param>
            <param index="3">
              <value>
                <![CDATA[New Business]]>
              </value>
            </param>
            <param index="4">
              <value>
                <![CDATA[qdqfqf23]]>
              </value>
            </param>
            <param index="5">
              <value>
                <![CDATA[feffew2f]]>
              </value>
            </param>
            <param index="6">
              <value>
                <![CDATA[]]>
              </value>
            </param>
            <param index="7">
              <value>
                <![CDATA[Online]]>
              </value>
            </param>
          </params>
          <reporter-output>
          </reporter-output>
        </test-method> <!-- policyIssuance -->
        <test-method signature="policyIssuance(java.lang.String, java.lang.String, java.lang.String, java.lang.String, java.lang.String, java.lang.String, java.lang.String, java.lang.String)[pri:0, instance:com.example.Ops_test@8e0379d]" started-at="2024-07-30T12:06:50Z" name="policyIssuance" data-provider="Excel_Data" finished-at="2024-07-30T12:07:35Z" duration-ms="45702" status="PASS">
          <params>
            <param index="0">
              <value>
                <![CDATA[Private Car]]>
              </value>
            </param>
            <param index="1">
              <value>
                <![CDATA[Comprehensive]]>
              </value>
            </param>
            <param index="2">
              <value>
                <![CDATA[DHFL INSURANCE]]>
              </value>
            </param>
            <param index="3">
              <value>
                <![CDATA[Renewal]]>
              </value>
            </param>
            <param index="4">
              <value>
                <![CDATA[]]>
              </value>
            </param>
            <param index="5">
              <value>
                <![CDATA[]]>
              </value>
            </param>
            <param index="6">
              <value>
                <![CDATA[JH02AL8767]]>
              </value>
            </param>
            <param index="7">
              <value>
                <![CDATA[Online]]>
              </value>
            </param>
          </params>
          <reporter-output>
          </reporter-output>
        </test-method> <!-- policyIssuance -->
        <test-method is-config="true" signature="tear_Down()[pri:0, instance:com.example.Ops_test@8e0379d]" started-at="2024-07-30T12:07:35Z" name="tear_Down" finished-at="2024-07-30T12:07:35Z" duration-ms="122" status="PASS">
          <reporter-output>
          </reporter-output>
        </test-method> <!-- tear_Down -->
      </class> <!-- com.example.Ops_test -->
    </test> <!-- Surefire test -->
  </suite> <!-- Surefire suite -->
</testng-results>
